<?xml version="1.0" encoding="UTF-8"?>
<testsuite xmlns:xsi="http://www.w3.org/2001/XMLSchema-instance" xsi:noNamespaceSchemaLocation="https://maven.apache.org/surefire/maven-surefire-plugin/xsd/surefire-test-report.xsd" version="3.0.2" name="expenses.ExpenseServiceTest" time="0.06" tests="3" errors="0" skipped="0" failures="0">
  <properties>
[...]
</properties>
  <testcase name="add_validInput_createsExpenseWithIdAndTrimmedDescription" classname="expenses.ExpenseServiceTest" time="0.035"/>
  <testcase name="add_nonPositiveAmount_throwsIllegalArgumentException" classname="expenses.ExpenseServiceTest" time="0.002"/>
  <testcase name="add_blankDescription_throwsIllegalArgumentException" classname="expenses.ExpenseServiceTest" time="0.001"/>
</testsuite>